<?xml version="1.0" encoding="UTF-8"?>
<!-- Generated by org.testng.reporters.JUnitReportReporter -->
<testsuite hostname="LAPTOP-BR40S9G6" failures="0" tests="1" name="testCases.TC001_AccountRegisterationTest" time="2.380" errors="0" timestamp="2024-07-06T16:46:46 EDT" skipped="0">
  <testcase classname="testCases.TC001_AccountRegisterationTest" name="testAccountRegisteration" time="2.380"/>
  <system-out/>
</testsuite> <!-- testCases.TC001_AccountRegisterationTest -->
