<?xml version="1.0" encoding="UTF-8"?>
<!-- Generated by org.testng.reporters.JUnitReportReporter -->
<testsuite hostname="LAPTOP-BR40S9G6" failures="0" tests="2" name="testCases.TC004_SearchProductTest" time="32.859" errors="0" timestamp="2024-07-25T15:32:32 EDT" skipped="0">
  <testcase classname="testCases.TC004_SearchProductTest" name="verifyExistingProductSearch" time="32.309"/>
  <system-out/>
  <testcase classname="testCases.TC004_SearchProductTest" name="verifyNonExistingProductSearch" time="0.550"/>
  <system-out/>
</testsuite> <!-- testCases.TC004_SearchProductTest -->
