<?xml version="1.0" encoding="UTF-8"?>
<!-- Generated by org.testng.reporters.JUnitReportReporter -->
<testsuite hostname="LAPTOP-BR40S9G6" failures="0" tests="2" name="testCases.TC001_AccountRegisterationTest" time="5.381" errors="0" timestamp="2024-11-05T16:47:33 EST" skipped="0">
  <testcase classname="testCases.TC001_AccountRegisterationTest" name="testAccountRegisteration" time="2.541"/>
  <system-out/>
  <testcase classname="testCases.TC001_AccountRegisterationTest" name="testAccountRegisteration" time="2.840"/>
  <system-out/>
</testsuite> <!-- testCases.TC001_AccountRegisterationTest -->
