<?xml version="1.0" encoding="UTF-8"?>
<!-- Generated by org.testng.reporters.JUnitReportReporter -->
<testsuite hostname="LAPTOP-BR40S9G6" failures="0" tests="2" name="testCases.TC002_LoginTest" time="3.524" errors="0" timestamp="2024-07-05T19:52:13 EDT" skipped="0">
  <testcase classname="testCases.TC002_LoginTest" name="verifyLogin" time="1.831"/>
  <testcase classname="testCases.TC002_LoginTest" name="verifyLogin" time="1.693"/>
</testsuite> <!-- testCases.TC002_LoginTest -->
