<?xml version="1.0" encoding="UTF-8"?>
<!-- Generated by org.testng.reporters.JUnitReportReporter -->
<testsuite hostname="LAPTOP-BR40S9G6" failures="0" tests="1" name="testCases.TC004_SearchForExistingProductTest" time="32.393" errors="0" timestamp="2024-07-25T14:33:50 EDT" skipped="0">
  <testcase classname="testCases.TC004_SearchForExistingProductTest" name="verify_existingProductSearch" time="32.393"/>
  <system-out/>
</testsuite> <!-- testCases.TC004_SearchForExistingProductTest -->
