<?xml version="1.0" encoding="UTF-8"?>
<!-- Generated by org.testng.reporters.JUnitReportReporter -->
<testsuite hostname="LAPTOP-BR40S9G6" failures="0" tests="2" name="testCases.TC001_AccountRegisterationTest" time="4.948" errors="0" timestamp="2024-07-05T19:52:13 EDT" skipped="0">
  <testcase classname="testCases.TC001_AccountRegisterationTest" name="testAccountRegisteration" time="2.516"/>
  <testcase classname="testCases.TC001_AccountRegisterationTest" name="testAccountRegisteration" time="2.432"/>
</testsuite> <!-- testCases.TC001_AccountRegisterationTest -->
