<?xml version="1.0" encoding="UTF-8"?>
<!-- Generated by org.testng.reporters.JUnitReportReporter -->
<testsuite hostname="LAPTOP-BR40S9G6" failures="0" tests="7" name="testCases.TC003_LoginDataDrivenTest" time="74.389" errors="0" timestamp="2024-07-05T14:35:51 EDT" skipped="0">
  <testcase classname="testCases.TC003_LoginDataDrivenTest" name="verifyLoginDDT" time="2.190"/>
  <system-out/>
  <testcase classname="testCases.TC003_LoginDataDrivenTest" name="verifyLoginDDT" time="2.121"/>
  <system-out/>
  <testcase classname="testCases.TC003_LoginDataDrivenTest" name="verifyLoginDDT" time="31.205"/>
  <system-out/>
  <testcase classname="testCases.TC003_LoginDataDrivenTest" name="verifyLoginDDT" time="2.107"/>
  <system-out/>
  <testcase classname="testCases.TC003_LoginDataDrivenTest" name="verifyLoginDDT" time="31.498"/>
  <system-out/>
  <testcase classname="testCases.TC003_LoginDataDrivenTest" name="verifyLoginDDT" time="2.355"/>
  <system-out/>
  <testcase classname="testCases.TC003_LoginDataDrivenTest" name="verifyLoginDDT" time="2.913"/>
  <system-out/>
</testsuite> <!-- testCases.TC003_LoginDataDrivenTest -->
