<?xml version="1.0" encoding="UTF-8"?>
<!-- Generated by org.testng.reporters.JUnitReportReporter -->
<testsuite hostname="LAPTOP-BR40S9G6" failures="0" tests="1" name="testCases.TC002_LoginTest" time="1.783" errors="0" timestamp="2025-02-14T14:40:44 EST" skipped="0">
  <testcase classname="testCases.TC002_LoginTest" name="verifyLogin" time="1.783"/>
  <system-out/>
</testsuite> <!-- testCases.TC002_LoginTest -->
