<?xml version="1.0" encoding="UTF-8"?>
<!-- Generated by org.testng.reporters.JUnitReportReporter -->
<testsuite hostname="LAPTOP-BR40S9G6" failures="0" tests="1" name="testCases.TC002_LoginTest" time="1.701" errors="0" timestamp="2024-07-06T16:46:46 EDT" skipped="0">
  <testcase classname="testCases.TC002_LoginTest" name="verifyLogin" time="1.701"/>
  <system-out/>
</testsuite> <!-- testCases.TC002_LoginTest -->
