<?xml version="1.0" encoding="UTF-8"?>
<!-- Generated by org.testng.reporters.JUnitReportReporter -->
<testsuite hostname="LAPTOP-BR40S9G6" failures="0" tests="1" name="testCases.TC002_LoginTest" time="1.658" errors="0" timestamp="2024-07-06T14:13:32 EDT" skipped="0">
  <testcase classname="testCases.TC002_LoginTest" name="verifyLogin" time="1.658"/>
</testsuite> <!-- testCases.TC002_LoginTest -->
